TN:
SF:src\app\controllers\UserController.js
FN:1,_interopRequireDefault
FN:4,(anonymous_1)
FN:13,(anonymous_2)
FNF:3
FNH:3
FNDA:1,_interopRequireDefault
FNDA:1,(anonymous_1)
FNDA:1,(anonymous_2)
DA:1,1
DA:5,1
DA:6,1
DA:7,1
DA:9,0
DA:14,1
DA:15,1
DA:16,1
DA:18,1
DA:19,0
DA:22,1
DA:23,1
DA:25,0
DA:30,1
LF:14
LH:11
BRDA:1,0,0,1
BRDA:1,0,1,0
BRDA:1,1,0,1
BRDA:1,1,1,1
BRDA:18,2,0,0
BRDA:18,2,1,1
BRF:6
BRH:4
end_of_record
TN:
SF:src\app\models\User.js
FN:1,_interopRequireDefault
FN:5,(anonymous_1)
FN:37,(anonymous_2)
FNF:3
FNH:3
FNDA:2,_interopRequireDefault
FNDA:1,(anonymous_1)
FNDA:2,(anonymous_2)
DA:1,2
DA:2,1
DA:6,1
DA:37,1
DA:38,2
DA:39,2
DA:43,1
DA:47,1
LF:8
LH:8
BRDA:1,0,0,0
BRDA:1,0,1,2
BRDA:1,1,0,2
BRDA:1,1,1,2
BRDA:38,2,0,2
BRDA:38,2,1,0
BRF:6
BRH:4
end_of_record
